0 info it worked if it ends with ok
1 verbose cli [ 'D:\\Program Files\\nodejs\\node.exe',
1 verbose cli   'D:\\Program Files\\nodejs\\node_modules\\npm\\bin\\npm-cli.js',
1 verbose cli   'run',
1 verbose cli   'build' ]
2 info using npm@3.10.8
3 info using node@v6.9.0
4 verbose run-script [ 'prebuild', 'build', 'postbuild' ]
5 info lifecycle webpack-project@1.0.0~prebuild: webpack-project@1.0.0
6 silly lifecycle webpack-project@1.0.0~prebuild: no script for prebuild, continuing
7 info lifecycle webpack-project@1.0.0~build: webpack-project@1.0.0
8 verbose lifecycle webpack-project@1.0.0~build: unsafe-perm in lifecycle true
9 verbose lifecycle webpack-project@1.0.0~build: PATH: D:\Program Files\nodejs\node_modules\npm\bin\node-gyp-bin;E:\workspace\webpack-project\node_modules\.bin;C:\ProgramData\Oracle\Java\javapath;C:\Windows\system32;C:\Windows;C:\Windows\System32\Wbem;C:\Windows\System32\WindowsPowerShell\v1.0\;D:\Program Files\Java\jdk1.8.0_60\bin;D:\Program Files\Java\jdk1.8.0_60\jre\bin;D:\Program Files\nodejs;D:\Program Files\nodejs\global;C:\Users\Raytine\AppData\Local\Microsoft\WindowsApps;
10 verbose lifecycle webpack-project@1.0.0~build: CWD: E:\workspace\webpack-project
11 silly lifecycle webpack-project@1.0.0~build: Args: [ '/d /s /c',
11 silly lifecycle   'webpack --config ./build/webpack.prod.config.js' ]
12 silly lifecycle webpack-project@1.0.0~build: Returned: code: 1  signal: null
13 info lifecycle webpack-project@1.0.0~build: Failed to exec build script
14 verbose stack Error: webpack-project@1.0.0 build: `webpack --config ./build/webpack.prod.config.js`
14 verbose stack Exit status 1
14 verbose stack     at EventEmitter.<anonymous> (D:\Program Files\nodejs\node_modules\npm\lib\utils\lifecycle.js:255:16)
14 verbose stack     at emitTwo (events.js:106:13)
14 verbose stack     at EventEmitter.emit (events.js:191:7)
14 verbose stack     at ChildProcess.<anonymous> (D:\Program Files\nodejs\node_modules\npm\lib\utils\spawn.js:40:14)
14 verbose stack     at emitTwo (events.js:106:13)
14 verbose stack     at ChildProcess.emit (events.js:191:7)
14 verbose stack     at maybeClose (internal/child_process.js:877:16)
14 verbose stack     at Process.ChildProcess._handle.onexit (internal/child_process.js:226:5)
15 verbose pkgid webpack-project@1.0.0
16 verbose cwd E:\workspace\webpack-project
17 error Windows_NT 10.0.14393
18 error argv "D:\\Program Files\\nodejs\\node.exe" "D:\\Program Files\\nodejs\\node_modules\\npm\\bin\\npm-cli.js" "run" "build"
19 error node v6.9.0
20 error npm  v3.10.8
21 error code ELIFECYCLE
22 error webpack-project@1.0.0 build: `webpack --config ./build/webpack.prod.config.js`
22 error Exit status 1
23 error Failed at the webpack-project@1.0.0 build script 'webpack --config ./build/webpack.prod.config.js'.
23 error Make sure you have the latest version of node.js and npm installed.
23 error If you do, this is most likely a problem with the webpack-project package,
23 error not with npm itself.
23 error Tell the author that this fails on your system:
23 error     webpack --config ./build/webpack.prod.config.js
23 error You can get information on how to open an issue for this project with:
23 error     npm bugs webpack-project
23 error Or if that isn't available, you can get their info via:
23 error     npm owner ls webpack-project
23 error There is likely additional logging output above.
24 verbose exit [ 1, true ]
